<?xml version="1.0" encoding="utf-8"?>
<TestRun id="cfa061d2-6d26-4e5f-9d6f-a82ed8c98c8c" name="ragin@LAPTOP-NOBUJLRM 2024-06-17 06:30:17" runUser="LAPTOP-NOBUJLRM\ragin" xmlns="http://microsoft.com/schemas/VisualStudio/TeamTest/2010">
  <Times creation="2024-06-17T06:30:17.6910312-04:00" queuing="2024-06-17T06:30:17.6910312-04:00" start="2024-06-17T06:30:16.4468486-04:00" finish="2024-06-17T06:30:17.7099992-04:00" />
  <TestSettings name="default" id="3eac2881-d199-440f-baac-3865ef4ff1ab">
    <Deployment runDeploymentRoot="ragin_LAPTOP-NOBUJLRM_2024-06-17_06_30_17" />
  </TestSettings>
  <Results>
    <UnitTestResult executionId="7a103b96-3a99-42d0-a47a-fe46a32c333a" testId="50141f6c-f5a1-d07a-7338-3f505434aa7a" testName="ValidateCreditCard_Empty_ReturnsBadRequest" computerName="LAPTOP-NOBUJLRM" duration="00:00:00.0008001" startTime="2024-06-17T06:30:17.4225464-04:00" endTime="2024-06-17T06:30:17.4235466-04:00" testType="13cdc9d9-ddb5-4fa4-a97d-d965ccfc6d4b" outcome="Passed" testListId="8c84fa94-04c1-424b-9868-57a2d4851a1d" relativeResultsDirectory="7a103b96-3a99-42d0-a47a-fe46a32c333a" />
    <UnitTestResult executionId="b30d8898-f952-4fda-90c7-725ba8ceef30" testId="48999fca-1ad8-e053-cce6-9961b6c346f3" testName="ValidateCreditCard_ValidVisa_Another_ReturnsTrue" computerName="LAPTOP-NOBUJLRM" duration="00:00:00.0000684" startTime="2024-06-17T06:30:17.4225464-04:00" endTime="2024-06-17T06:30:17.4225464-04:00" testType="13cdc9d9-ddb5-4fa4-a97d-d965ccfc6d4b" outcome="Passed" testListId="8c84fa94-04c1-424b-9868-57a2d4851a1d" relativeResultsDirectory="b30d8898-f952-4fda-90c7-725ba8ceef30" />
    <UnitTestResult executionId="6f13c294-6d6c-4248-b245-8cbb872c2188" testId="359d8f85-6498-5e27-c990-8a86c76a93c6" testName="TestMethod1" computerName="LAPTOP-NOBUJLRM" duration="00:00:00.0003827" startTime="2024-06-17T06:30:17.4235466-04:00" endTime="2024-06-17T06:30:17.4245471-04:00" testType="13cdc9d9-ddb5-4fa4-a97d-d965ccfc6d4b" outcome="Passed" testListId="8c84fa94-04c1-424b-9868-57a2d4851a1d" relativeResultsDirectory="6f13c294-6d6c-4248-b245-8cbb872c2188">
      <Output>
        <StdOut>Hello</StdOut>
      </Output>
    </UnitTestResult>
    <UnitTestResult executionId="fb49cb1f-a9d7-4b79-bea9-d44663c9babf" testId="60de7ff4-cce7-0df4-05ea-206466eaa2ff" testName="ValidateCreditCard_ValidDiscover_ReturnsTrue" computerName="LAPTOP-NOBUJLRM" duration="00:00:00.0000873" startTime="2024-06-17T06:30:17.4225464-04:00" endTime="2024-06-17T06:30:17.4225464-04:00" testType="13cdc9d9-ddb5-4fa4-a97d-d965ccfc6d4b" outcome="Passed" testListId="8c84fa94-04c1-424b-9868-57a2d4851a1d" relativeResultsDirectory="fb49cb1f-a9d7-4b79-bea9-d44663c9babf" />
    <UnitTestResult executionId="d0927af3-6841-4f26-8b4c-9dda9d2ad72c" testId="84bbbcab-b1d7-ff14-f467-a6c810272bdc" testName="ValidateCreditCard_InvalidLuhnNumber_ReturnsFalse" computerName="LAPTOP-NOBUJLRM" duration="00:00:00.0001272" startTime="2024-06-17T06:30:17.4225464-04:00" endTime="2024-06-17T06:30:17.4225464-04:00" testType="13cdc9d9-ddb5-4fa4-a97d-d965ccfc6d4b" outcome="Passed" testListId="8c84fa94-04c1-424b-9868-57a2d4851a1d" relativeResultsDirectory="d0927af3-6841-4f26-8b4c-9dda9d2ad72c" />
    <UnitTestResult executionId="32b6030e-6cbe-47d8-8ab1-a83e00f40fca" testId="da84c9f1-4d37-0816-5205-d64051f57a51" testName="ValidateCreditCard_ValidVisa_ReturnsTrue" computerName="LAPTOP-NOBUJLRM" duration="00:00:00.0111998" startTime="2024-06-17T06:30:17.2452456-04:00" endTime="2024-06-17T06:30:17.4145447-04:00" testType="13cdc9d9-ddb5-4fa4-a97d-d965ccfc6d4b" outcome="Passed" testListId="8c84fa94-04c1-424b-9868-57a2d4851a1d" relativeResultsDirectory="32b6030e-6cbe-47d8-8ab1-a83e00f40fca" />
    <UnitTestResult executionId="e65c2c4a-0dc1-4078-9735-95180e52412f" testId="d7183a3a-a8fb-d7ec-dbe8-1f3987648654" testName="ValidateCreditCard_NonDigitCharacters_ReturnsBadRequest" computerName="LAPTOP-NOBUJLRM" duration="00:00:00.0000725" startTime="2024-06-17T06:30:17.4235466-04:00" endTime="2024-06-17T06:30:17.4235466-04:00" testType="13cdc9d9-ddb5-4fa4-a97d-d965ccfc6d4b" outcome="Passed" testListId="8c84fa94-04c1-424b-9868-57a2d4851a1d" relativeResultsDirectory="e65c2c4a-0dc1-4078-9735-95180e52412f" />
  </Results>
  <TestDefinitions>
    <UnitTest name="ValidateCreditCard_Empty_ReturnsBadRequest" storage="c:\users\ragin\source\repos\creditcardvalidatorapi\tests\creditcardvalidatorapi.tests\creditcardvalidatorapi.tests\bin\debug\creditcardvalidatorapi.tests.dll" id="50141f6c-f5a1-d07a-7338-3f505434aa7a">
      <Execution id="7a103b96-3a99-42d0-a47a-fe46a32c333a" />
      <TestMethod codeBase="C:\Users\ragin\source\repos\CreditCardValidatorAPI\tests\CreditCardValidatorAPI.Tests\CreditCardValidatorAPI.Tests\bin\Debug\CreditCardValidatorAPI.Tests.dll" adapterTypeName="executor://mstestadapter/v2" className="CreditCardControllerTests" name="ValidateCreditCard_Empty_ReturnsBadRequest" />
    </UnitTest>
    <UnitTest name="ValidateCreditCard_ValidVisa_Another_ReturnsTrue" storage="c:\users\ragin\source\repos\creditcardvalidatorapi\tests\creditcardvalidatorapi.tests\creditcardvalidatorapi.tests\bin\debug\creditcardvalidatorapi.tests.dll" id="48999fca-1ad8-e053-cce6-9961b6c346f3">
      <Execution id="b30d8898-f952-4fda-90c7-725ba8ceef30" />
      <TestMethod codeBase="C:\Users\ragin\source\repos\CreditCardValidatorAPI\tests\CreditCardValidatorAPI.Tests\CreditCardValidatorAPI.Tests\bin\Debug\CreditCardValidatorAPI.Tests.dll" adapterTypeName="executor://mstestadapter/v2" className="CreditCardControllerTests" name="ValidateCreditCard_ValidVisa_Another_ReturnsTrue" />
    </UnitTest>
    <UnitTest name="ValidateCreditCard_InvalidLuhnNumber_ReturnsFalse" storage="c:\users\ragin\source\repos\creditcardvalidatorapi\tests\creditcardvalidatorapi.tests\creditcardvalidatorapi.tests\bin\debug\creditcardvalidatorapi.tests.dll" id="84bbbcab-b1d7-ff14-f467-a6c810272bdc">
      <Execution id="d0927af3-6841-4f26-8b4c-9dda9d2ad72c" />
      <TestMethod codeBase="C:\Users\ragin\source\repos\CreditCardValidatorAPI\tests\CreditCardValidatorAPI.Tests\CreditCardValidatorAPI.Tests\bin\Debug\CreditCardValidatorAPI.Tests.dll" adapterTypeName="executor://mstestadapter/v2" className="CreditCardControllerTests" name="ValidateCreditCard_InvalidLuhnNumber_ReturnsFalse" />
    </UnitTest>
    <UnitTest name="TestMethod1" storage="c:\users\ragin\source\repos\creditcardvalidatorapi\tests\creditcardvalidatorapi.tests\creditcardvalidatorapi.tests\bin\debug\creditcardvalidatorapi.tests.dll" id="359d8f85-6498-5e27-c990-8a86c76a93c6">
      <Execution id="6f13c294-6d6c-4248-b245-8cbb872c2188" />
      <TestMethod codeBase="C:\Users\ragin\source\repos\CreditCardValidatorAPI\tests\CreditCardValidatorAPI.Tests\CreditCardValidatorAPI.Tests\bin\Debug\CreditCardValidatorAPI.Tests.dll" adapterTypeName="executor://mstestadapter/v2" className="CreditCardValidatorAPI.Tests.UnitTest1" name="TestMethod1" />
    </UnitTest>
    <UnitTest name="ValidateCreditCard_ValidDiscover_ReturnsTrue" storage="c:\users\ragin\source\repos\creditcardvalidatorapi\tests\creditcardvalidatorapi.tests\creditcardvalidatorapi.tests\bin\debug\creditcardvalidatorapi.tests.dll" id="60de7ff4-cce7-0df4-05ea-206466eaa2ff">
      <Execution id="fb49cb1f-a9d7-4b79-bea9-d44663c9babf" />
      <TestMethod codeBase="C:\Users\ragin\source\repos\CreditCardValidatorAPI\tests\CreditCardValidatorAPI.Tests\CreditCardValidatorAPI.Tests\bin\Debug\CreditCardValidatorAPI.Tests.dll" adapterTypeName="executor://mstestadapter/v2" className="CreditCardControllerTests" name="ValidateCreditCard_ValidDiscover_ReturnsTrue" />
    </UnitTest>
    <UnitTest name="ValidateCreditCard_NonDigitCharacters_ReturnsBadRequest" storage="c:\users\ragin\source\repos\creditcardvalidatorapi\tests\creditcardvalidatorapi.tests\creditcardvalidatorapi.tests\bin\debug\creditcardvalidatorapi.tests.dll" id="d7183a3a-a8fb-d7ec-dbe8-1f3987648654">
      <Execution id="e65c2c4a-0dc1-4078-9735-95180e52412f" />
      <TestMethod codeBase="C:\Users\ragin\source\repos\CreditCardValidatorAPI\tests\CreditCardValidatorAPI.Tests\CreditCardValidatorAPI.Tests\bin\Debug\CreditCardValidatorAPI.Tests.dll" adapterTypeName="executor://mstestadapter/v2" className="CreditCardControllerTests" name="ValidateCreditCard_NonDigitCharacters_ReturnsBadRequest" />
    </UnitTest>
    <UnitTest name="ValidateCreditCard_ValidVisa_ReturnsTrue" storage="c:\users\ragin\source\repos\creditcardvalidatorapi\tests\creditcardvalidatorapi.tests\creditcardvalidatorapi.tests\bin\debug\creditcardvalidatorapi.tests.dll" id="da84c9f1-4d37-0816-5205-d64051f57a51">
      <Execution id="32b6030e-6cbe-47d8-8ab1-a83e00f40fca" />
      <TestMethod codeBase="C:\Users\ragin\source\repos\CreditCardValidatorAPI\tests\CreditCardValidatorAPI.Tests\CreditCardValidatorAPI.Tests\bin\Debug\CreditCardValidatorAPI.Tests.dll" adapterTypeName="executor://mstestadapter/v2" className="CreditCardControllerTests" name="ValidateCreditCard_ValidVisa_ReturnsTrue" />
    </UnitTest>
  </TestDefinitions>
  <TestEntries>
    <TestEntry testId="50141f6c-f5a1-d07a-7338-3f505434aa7a" executionId="7a103b96-3a99-42d0-a47a-fe46a32c333a" testListId="8c84fa94-04c1-424b-9868-57a2d4851a1d" />
    <TestEntry testId="48999fca-1ad8-e053-cce6-9961b6c346f3" executionId="b30d8898-f952-4fda-90c7-725ba8ceef30" testListId="8c84fa94-04c1-424b-9868-57a2d4851a1d" />
    <TestEntry testId="359d8f85-6498-5e27-c990-8a86c76a93c6" executionId="6f13c294-6d6c-4248-b245-8cbb872c2188" testListId="8c84fa94-04c1-424b-9868-57a2d4851a1d" />
    <TestEntry testId="60de7ff4-cce7-0df4-05ea-206466eaa2ff" executionId="fb49cb1f-a9d7-4b79-bea9-d44663c9babf" testListId="8c84fa94-04c1-424b-9868-57a2d4851a1d" />
    <TestEntry testId="84bbbcab-b1d7-ff14-f467-a6c810272bdc" executionId="d0927af3-6841-4f26-8b4c-9dda9d2ad72c" testListId="8c84fa94-04c1-424b-9868-57a2d4851a1d" />
    <TestEntry testId="da84c9f1-4d37-0816-5205-d64051f57a51" executionId="32b6030e-6cbe-47d8-8ab1-a83e00f40fca" testListId="8c84fa94-04c1-424b-9868-57a2d4851a1d" />
    <TestEntry testId="d7183a3a-a8fb-d7ec-dbe8-1f3987648654" executionId="e65c2c4a-0dc1-4078-9735-95180e52412f" testListId="8c84fa94-04c1-424b-9868-57a2d4851a1d" />
  </TestEntries>
  <TestLists>
    <TestList name="Results Not in a List" id="8c84fa94-04c1-424b-9868-57a2d4851a1d" />
    <TestList name="All Loaded Results" id="19431567-8539-422a-85d7-44ee4e166bda" />
  </TestLists>
  <ResultSummary outcome="Completed">
    <Counters total="7" executed="7" passed="7" failed="0" error="0" timeout="0" aborted="0" inconclusive="0" passedButRunAborted="0" notRunnable="0" notExecuted="0" disconnected="0" warning="0" completed="0" inProgress="0" pending="0" />
    <Output>
      <StdOut>NUnit Adapter 3.17.0.0: Test execution startedRunning all tests in C:\Users\ragin\source\repos\CreditCardValidatorAPI\tests\CreditCardValidatorAPI.Tests\CreditCardValidatorAPI.Tests\bin\Debug\CreditCardValidatorAPI.Tests.dll   NUnit3TestExecutor discovered 0 of 0 NUnit test casesNUnit Adapter 3.17.0.0: Test execution complete</StdOut>
    </Output>
  </ResultSummary>
</TestRun>